{
  "stats": {
    "suites": 3,
    "tests": 24,
    "passes": 24,
    "pending": 0,
    "failures": 0,
    "start": "2023-05-07T13:42:27.684Z",
    "end": "2023-05-07T13:43:08.311Z",
    "duration": 40627,
    "testsRegistered": 24,
    "passPercent": 100,
    "pendingPercent": 0,
    "other": 0,
    "hasOther": false,
    "skipped": 0,
    "hasSkipped": false
  },
  "results": [
    {
      "uuid": "3fcfb07b-dfa3-4378-b694-213a01993979",
      "title": "",
      "fullFile": "cypress\\e2e\\app.cy.js",
      "file": "cypress\\e2e\\app.cy.js",
      "beforeHooks": [],
      "afterHooks": [],
      "tests": [],
      "suites": [
        {
          "uuid": "baa63959-5177-404e-b135-d2ae6b18cb5c",
          "title": "HomePage",
          "fullFile": "",
          "file": "",
          "beforeHooks": [],
          "afterHooks": [],
          "tests": [
            {
              "title": "should display \"ToTopButton\" and work correctly",
              "fullTitle": "HomePage should display \"ToTopButton\" and work correctly",
              "timedOut": null,
              "duration": 2210,
              "state": "passed",
              "speed": "fast",
              "pass": true,
              "fail": false,
              "pending": false,
              "context": null,
              "code": "cy.get('.button-top__icon').click();\ncy.window().its('scrollY').should('equal', 0);",
              "err": {},
              "uuid": "5010199f-6bb5-4819-9aef-212c32edf71c",
              "parentUUID": "baa63959-5177-404e-b135-d2ae6b18cb5c",
              "isHook": false,
              "skipped": false
            },
            {
              "title": "should play video on \"CourseCard\" hover if video is available",
              "fullTitle": "HomePage should play video on \"CourseCard\" hover if video is available",
              "timedOut": null,
              "duration": 3398,
              "state": "passed",
              "speed": "fast",
              "pass": true,
              "fail": false,
              "pending": false,
              "context": null,
              "code": "cy.get('.course-card__image').first().should('be.visible').trigger('mouseover');\ncy.get('.course-card__video').first().should('have.attr', 'loop');",
              "err": {},
              "uuid": "e8ddc9b0-c6bf-48c7-b4b6-75db8d9d74fd",
              "parentUUID": "baa63959-5177-404e-b135-d2ae6b18cb5c",
              "isHook": false,
              "skipped": false
            },
            {
              "title": "should show image on \"CourseCard\" hover if video is not available",
              "fullTitle": "HomePage should show image on \"CourseCard\" hover if video is not available",
              "timedOut": null,
              "duration": 3807,
              "state": "passed",
              "speed": "fast",
              "pass": true,
              "fail": false,
              "pending": false,
              "context": null,
              "code": "cy.get('.course-card__image img').first().trigger('mouseover');\ncy.get('.course-card__image img').first().should('be.visible');",
              "err": {},
              "uuid": "c3bf531e-09fe-4caf-8117-3b6525917c1b",
              "parentUUID": "baa63959-5177-404e-b135-d2ae6b18cb5c",
              "isHook": false,
              "skipped": false
            },
            {
              "title": "should display correct search params on pagination click and page reload",
              "fullTitle": "HomePage should display correct search params on pagination click and page reload",
              "timedOut": null,
              "duration": 4163,
              "state": "passed",
              "speed": "fast",
              "pass": true,
              "fail": false,
              "pending": false,
              "context": null,
              "code": "cy.get('.pagination__item').contains('2').click();\ncy.url().should('include', 'page=2');\ncy.reload();\ncy.url().should('include', 'page=2');",
              "err": {},
              "uuid": "83e547ec-eb4c-4312-82f5-bb8a42f0c3a5",
              "parentUUID": "baa63959-5177-404e-b135-d2ae6b18cb5c",
              "isHook": false,
              "skipped": false
            },
            {
              "title": "should have \"Logo\" in \"Header\"",
              "fullTitle": "HomePage should have \"Logo\" in \"Header\"",
              "timedOut": null,
              "duration": 526,
              "state": "passed",
              "speed": "fast",
              "pass": true,
              "fail": false,
              "pending": false,
              "context": null,
              "code": "cy.get('.header > a > img').should('be.visible');",
              "err": {},
              "uuid": "9a011f35-2b0f-4579-bdda-81538ce90aaf",
              "parentUUID": "baa63959-5177-404e-b135-d2ae6b18cb5c",
              "isHook": false,
              "skipped": false
            },
            {
              "title": "should have \"Logo\" in \"Footer\"",
              "fullTitle": "HomePage should have \"Logo\" in \"Footer\"",
              "timedOut": null,
              "duration": 450,
              "state": "passed",
              "speed": "fast",
              "pass": true,
              "fail": false,
              "pending": false,
              "context": null,
              "code": "cy.get('.footer__container > [href=\"#/\"] > img').should('be.visible');",
              "err": {},
              "uuid": "ddf0fee3-3f57-4172-abf3-a7c33378853f",
              "parentUUID": "baa63959-5177-404e-b135-d2ae6b18cb5c",
              "isHook": false,
              "skipped": false
            },
            {
              "title": "should contain a footer link to GitHub",
              "fullTitle": "HomePage should contain a footer link to GitHub",
              "timedOut": null,
              "duration": 462,
              "state": "passed",
              "speed": "fast",
              "pass": true,
              "fail": false,
              "pending": false,
              "context": null,
              "code": "cy.get('.footer__link').should('have.attr', 'href', 'https://github.com/dmytro-lebedchenko').and('contain', 'Github');",
              "err": {},
              "uuid": "7e0b912e-12df-4a32-8297-00d7b2c2f855",
              "parentUUID": "baa63959-5177-404e-b135-d2ae6b18cb5c",
              "isHook": false,
              "skipped": false
            }
          ],
          "suites": [],
          "passes": [
            "5010199f-6bb5-4819-9aef-212c32edf71c",
            "e8ddc9b0-c6bf-48c7-b4b6-75db8d9d74fd",
            "c3bf531e-09fe-4caf-8117-3b6525917c1b",
            "83e547ec-eb4c-4312-82f5-bb8a42f0c3a5",
            "9a011f35-2b0f-4579-bdda-81538ce90aaf",
            "ddf0fee3-3f57-4172-abf3-a7c33378853f",
            "7e0b912e-12df-4a32-8297-00d7b2c2f855"
          ],
          "failures": [],
          "pending": [],
          "skipped": [],
          "duration": 15016,
          "root": false,
          "rootEmpty": false,
          "_timeout": 2000
        },
        {
          "uuid": "cc6fcf31-5673-4635-9387-9a2e175ac27f",
          "title": "CoursePage",
          "fullFile": "",
          "file": "",
          "beforeHooks": [],
          "afterHooks": [],
          "tests": [
            {
              "title": "should display the course video",
              "fullTitle": "CoursePage should display the course video",
              "timedOut": null,
              "duration": 2005,
              "state": "passed",
              "speed": "fast",
              "pass": true,
              "fail": false,
              "pending": false,
              "context": null,
              "code": "cy.get('.player__video').should('be.visible');",
              "err": {},
              "uuid": "fb6bc2bc-c628-4b7a-96d3-6de65e4520f8",
              "parentUUID": "cc6fcf31-5673-4635-9387-9a2e175ac27f",
              "isHook": false,
              "skipped": false
            },
            {
              "title": "should display the lesson title",
              "fullTitle": "CoursePage should display the lesson title",
              "timedOut": null,
              "duration": 1980,
              "state": "passed",
              "speed": "fast",
              "pass": true,
              "fail": false,
              "pending": false,
              "context": null,
              "code": "cy.get('.player__title').should('contain.text', 'Behaviors that make people dislike you');",
              "err": {},
              "uuid": "4bfb5273-37f7-4d16-a775-f681ee91a778",
              "parentUUID": "cc6fcf31-5673-4635-9387-9a2e175ac27f",
              "isHook": false,
              "skipped": false
            },
            {
              "title": "should have a back button",
              "fullTitle": "CoursePage should have a back button",
              "timedOut": null,
              "duration": 1894,
              "state": "passed",
              "speed": "fast",
              "pass": true,
              "fail": false,
              "pending": false,
              "context": null,
              "code": "cy.get('.back-button').should('exist');",
              "err": {},
              "uuid": "02c31355-75f9-4a82-9555-a91ef05fb8ac",
              "parentUUID": "cc6fcf31-5673-4635-9387-9a2e175ac27f",
              "isHook": false,
              "skipped": false
            },
            {
              "title": "should display \"ToTopButton\" and work correctly",
              "fullTitle": "CoursePage should display \"ToTopButton\" and work correctly",
              "timedOut": null,
              "duration": 584,
              "state": "passed",
              "speed": "fast",
              "pass": true,
              "fail": false,
              "pending": false,
              "context": null,
              "code": "cy.get('.button-top__icon').click();\ncy.window().its('scrollY').should('equal', 0);",
              "err": {},
              "uuid": "6eb40eb0-5f94-4645-aa55-d02f2d0ba222",
              "parentUUID": "cc6fcf31-5673-4635-9387-9a2e175ac27f",
              "isHook": false,
              "skipped": false
            },
            {
              "title": "should have \"Logo\" in \"Header\"",
              "fullTitle": "CoursePage should have \"Logo\" in \"Header\"",
              "timedOut": null,
              "duration": 424,
              "state": "passed",
              "speed": "fast",
              "pass": true,
              "fail": false,
              "pending": false,
              "context": null,
              "code": "cy.get('.header > a > img').should('be.visible');",
              "err": {},
              "uuid": "1076c945-b94d-441b-b7f0-df643fa16b85",
              "parentUUID": "cc6fcf31-5673-4635-9387-9a2e175ac27f",
              "isHook": false,
              "skipped": false
            },
            {
              "title": "should navigate back to homepage when clicking on \"Logo\" in \"Header\"",
              "fullTitle": "CoursePage should navigate back to homepage when clicking on \"Logo\" in \"Header\"",
              "timedOut": null,
              "duration": 555,
              "state": "passed",
              "speed": "fast",
              "pass": true,
              "fail": false,
              "pending": false,
              "context": null,
              "code": "cy.get('.header > a > img').click();\ncy.url().should('equal', 'https://dmytro-lebedchenko.github.io/react_courses-app/#/');",
              "err": {},
              "uuid": "0f6f4577-ec59-4ad9-b92b-3d0a368af168",
              "parentUUID": "cc6fcf31-5673-4635-9387-9a2e175ac27f",
              "isHook": false,
              "skipped": false
            },
            {
              "title": "should have \"Logo\" in \"Footer\"",
              "fullTitle": "CoursePage should have \"Logo\" in \"Footer\"",
              "timedOut": null,
              "duration": 437,
              "state": "passed",
              "speed": "fast",
              "pass": true,
              "fail": false,
              "pending": false,
              "context": null,
              "code": "cy.get('.footer__container > [href=\"#/\"] > img').should('be.visible');",
              "err": {},
              "uuid": "b4c3f121-fe40-4b1d-af8d-c29efaba571e",
              "parentUUID": "cc6fcf31-5673-4635-9387-9a2e175ac27f",
              "isHook": false,
              "skipped": false
            },
            {
              "title": "should navigate back to homepage when clicking on \"Logo\" in \"Footer\"",
              "fullTitle": "CoursePage should navigate back to homepage when clicking on \"Logo\" in \"Footer\"",
              "timedOut": null,
              "duration": 598,
              "state": "passed",
              "speed": "fast",
              "pass": true,
              "fail": false,
              "pending": false,
              "context": null,
              "code": "cy.get('.footer__container > [href=\"#/\"] > img').click();\ncy.url().should('equal', 'https://dmytro-lebedchenko.github.io/react_courses-app/#/');",
              "err": {},
              "uuid": "2a386585-1170-4d16-9089-a8d29df0997b",
              "parentUUID": "cc6fcf31-5673-4635-9387-9a2e175ac27f",
              "isHook": false,
              "skipped": false
            },
            {
              "title": "should have a playlist with multiple items",
              "fullTitle": "CoursePage should have a playlist with multiple items",
              "timedOut": null,
              "duration": 2360,
              "state": "passed",
              "speed": "fast",
              "pass": true,
              "fail": false,
              "pending": false,
              "context": null,
              "code": "cy.get('.playlist__item').should('have.length.greaterThan', 1);",
              "err": {},
              "uuid": "a0a14c92-8515-42bf-a857-1622841e8754",
              "parentUUID": "cc6fcf31-5673-4635-9387-9a2e175ac27f",
              "isHook": false,
              "skipped": false
            },
            {
              "title": "should start playing the correct video when clicking a playlist item",
              "fullTitle": "CoursePage should start playing the correct video when clicking a playlist item",
              "timedOut": null,
              "duration": 7578,
              "state": "passed",
              "speed": "medium",
              "pass": true,
              "fail": false,
              "pending": false,
              "context": null,
              "code": "cy.get('.playlist__item').eq(2).click();\ncy.get('.player__video').invoke('prop', 'muted', true);\ncy.wait(5000);\ncy.url().should('include', 'lesson=71742b9d-e4f4-4c32-89bb-a257e58ca096');",
              "err": {},
              "uuid": "31c765ee-f4aa-404f-8cce-f2d5740bd279",
              "parentUUID": "cc6fcf31-5673-4635-9387-9a2e175ac27f",
              "isHook": false,
              "skipped": false
            },
            {
              "title": "should display the correct lesson title",
              "fullTitle": "CoursePage should display the correct lesson title",
              "timedOut": null,
              "duration": 2022,
              "state": "passed",
              "speed": "fast",
              "pass": true,
              "fail": false,
              "pending": false,
              "context": null,
              "code": "cy.get('.playlist__item--active > .playlist__item-title').invoke('text').then(playlistTitle => {\n  cy.get('.player__title').invoke('text').should('equal', playlistTitle.trim());\n});",
              "err": {},
              "uuid": "fcc45fc7-f949-4a57-a57d-d84147ce3752",
              "parentUUID": "cc6fcf31-5673-4635-9387-9a2e175ac27f",
              "isHook": false,
              "skipped": false
            },
            {
              "title": "should contain a footer link to GitHub",
              "fullTitle": "CoursePage should contain a footer link to GitHub",
              "timedOut": null,
              "duration": 410,
              "state": "passed",
              "speed": "fast",
              "pass": true,
              "fail": false,
              "pending": false,
              "context": null,
              "code": "cy.get('.footer__link').should('have.attr', 'href', 'https://github.com/dmytro-lebedchenko').and('contain', 'Github');",
              "err": {},
              "uuid": "b0669bdd-404c-4bd5-a20d-81040a96af7f",
              "parentUUID": "cc6fcf31-5673-4635-9387-9a2e175ac27f",
              "isHook": false,
              "skipped": false
            }
          ],
          "suites": [],
          "passes": [
            "fb6bc2bc-c628-4b7a-96d3-6de65e4520f8",
            "4bfb5273-37f7-4d16-a775-f681ee91a778",
            "02c31355-75f9-4a82-9555-a91ef05fb8ac",
            "6eb40eb0-5f94-4645-aa55-d02f2d0ba222",
            "1076c945-b94d-441b-b7f0-df643fa16b85",
            "0f6f4577-ec59-4ad9-b92b-3d0a368af168",
            "b4c3f121-fe40-4b1d-af8d-c29efaba571e",
            "2a386585-1170-4d16-9089-a8d29df0997b",
            "a0a14c92-8515-42bf-a857-1622841e8754",
            "31c765ee-f4aa-404f-8cce-f2d5740bd279",
            "fcc45fc7-f949-4a57-a57d-d84147ce3752",
            "b0669bdd-404c-4bd5-a20d-81040a96af7f"
          ],
          "failures": [],
          "pending": [],
          "skipped": [],
          "duration": 20847,
          "root": false,
          "rootEmpty": false,
          "_timeout": 2000
        },
        {
          "uuid": "1dd62ef4-0cf6-461d-ae86-dfdf7a6e8986",
          "title": "NotFoundPage",
          "fullFile": "",
          "file": "",
          "beforeHooks": [],
          "afterHooks": [],
          "tests": [
            {
              "title": "should display the \"not found\" message",
              "fullTitle": "NotFoundPage should display the \"not found\" message",
              "timedOut": null,
              "duration": 860,
              "state": "passed",
              "speed": "fast",
              "pass": true,
              "fail": false,
              "pending": false,
              "context": null,
              "code": "cy.get('.not-found-page__title').should('have.text', 'Oh, no! Page is not found...');",
              "err": {},
              "uuid": "5f8c3a9b-8e4f-4c70-8d2f-e4f361558378",
              "parentUUID": "1dd62ef4-0cf6-461d-ae86-dfdf7a6e8986",
              "isHook": false,
              "skipped": false
            },
            {
              "title": "should display the \"not found\" image",
              "fullTitle": "NotFoundPage should display the \"not found\" image",
              "timedOut": null,
              "duration": 515,
              "state": "passed",
              "speed": "fast",
              "pass": true,
              "fail": false,
              "pending": false,
              "context": null,
              "code": "cy.get('.not-found-page__image').should('exist');",
              "err": {},
              "uuid": "77a2e08a-6613-49e4-a6b9-c9fbdd4e123f",
              "parentUUID": "1dd62ef4-0cf6-461d-ae86-dfdf7a6e8986",
              "isHook": false,
              "skipped": false
            },
            {
              "title": "should display \"ToTopButton\" and work correctly",
              "fullTitle": "NotFoundPage should display \"ToTopButton\" and work correctly",
              "timedOut": null,
              "duration": 742,
              "state": "passed",
              "speed": "fast",
              "pass": true,
              "fail": false,
              "pending": false,
              "context": null,
              "code": "cy.get('.button-top__icon').click();\ncy.window().its('scrollY').should('equal', 0);",
              "err": {},
              "uuid": "62971538-8403-4b8a-96b2-dd7a3bda8949",
              "parentUUID": "1dd62ef4-0cf6-461d-ae86-dfdf7a6e8986",
              "isHook": false,
              "skipped": false
            },
            {
              "title": "should have \"Logo\" in \"Header\"",
              "fullTitle": "NotFoundPage should have \"Logo\" in \"Header\"",
              "timedOut": null,
              "duration": 512,
              "state": "passed",
              "speed": "fast",
              "pass": true,
              "fail": false,
              "pending": false,
              "context": null,
              "code": "cy.get('.header > a > img').should('be.visible');",
              "err": {},
              "uuid": "51c6320a-2f64-445e-9d01-1f728c98c1c2",
              "parentUUID": "1dd62ef4-0cf6-461d-ae86-dfdf7a6e8986",
              "isHook": false,
              "skipped": false
            },
            {
              "title": "should have \"Logo\" in \"Footer\"",
              "fullTitle": "NotFoundPage should have \"Logo\" in \"Footer\"",
              "timedOut": null,
              "duration": 501,
              "state": "passed",
              "speed": "fast",
              "pass": true,
              "fail": false,
              "pending": false,
              "context": null,
              "code": "cy.get('.footer__container > [href=\"#/\"] > img').should('be.visible');",
              "err": {},
              "uuid": "0017d184-c4b1-474d-8f03-d21d14e59662",
              "parentUUID": "1dd62ef4-0cf6-461d-ae86-dfdf7a6e8986",
              "isHook": false,
              "skipped": false
            }
          ],
          "suites": [],
          "passes": [
            "5f8c3a9b-8e4f-4c70-8d2f-e4f361558378",
            "77a2e08a-6613-49e4-a6b9-c9fbdd4e123f",
            "62971538-8403-4b8a-96b2-dd7a3bda8949",
            "51c6320a-2f64-445e-9d01-1f728c98c1c2",
            "0017d184-c4b1-474d-8f03-d21d14e59662"
          ],
          "failures": [],
          "pending": [],
          "skipped": [],
          "duration": 3130,
          "root": false,
          "rootEmpty": false,
          "_timeout": 2000
        }
      ],
      "passes": [],
      "failures": [],
      "pending": [],
      "skipped": [],
      "duration": 0,
      "root": true,
      "rootEmpty": true,
      "_timeout": 2000
    }
  ],
  "meta": {
    "mocha": {
      "version": "7.0.1"
    },
    "mochawesome": {
      "options": {
        "quiet": true,
        "reportFilename": "mochawesome.json",
        "saveHtml": false,
        "saveJson": true,
        "consoleReporter": "spec",
        "useInlineDiffs": false,
        "code": true
      },
      "version": "7.1.3"
    },
    "marge": {
      "options": {
        "id": "default",
        "mochaFile": "cypress/results/results-[hash].xml",
        "toConsole": true,
        "reportDir": "cypress/results",
        "reportFilename": "mochawesome.json",
        "quiet": true,
        "overwrite": false,
        "html": false,
        "json": true
      },
      "version": "6.2.0"
    }
  }
}