{
  "stats": {
    "suites": 3,
    "tests": 24,
    "passes": 24,
    "pending": 0,
    "failures": 0,
    "start": "2023-05-07T10:32:29.374Z",
    "end": "2023-05-07T10:33:05.240Z",
    "duration": 35866,
    "testsRegistered": 24,
    "passPercent": 100,
    "pendingPercent": 0,
    "other": 0,
    "hasOther": false,
    "skipped": 0,
    "hasSkipped": false
  },
  "results": [
    {
      "uuid": "24786715-8b05-40e3-9890-250a57e1a77e",
      "title": "",
      "fullFile": "cypress\\e2e\\app.cy.js",
      "file": "cypress\\e2e\\app.cy.js",
      "beforeHooks": [],
      "afterHooks": [],
      "tests": [],
      "suites": [
        {
          "uuid": "45cfe8ed-d636-458f-8a2c-720b9dd5143e",
          "title": "HomePage",
          "fullFile": "",
          "file": "",
          "beforeHooks": [],
          "afterHooks": [],
          "tests": [
            {
              "title": "should display \"ToTopButton\" and work correctly",
              "fullTitle": "HomePage should display \"ToTopButton\" and work correctly",
              "timedOut": null,
              "duration": 2488,
              "state": "passed",
              "speed": "fast",
              "pass": true,
              "fail": false,
              "pending": false,
              "context": null,
              "code": "cy.get('.button-top__icon').click();\ncy.window().its('scrollY').should('equal', 0);",
              "err": {},
              "uuid": "b7121aa1-8207-436c-9ae4-f32c90717565",
              "parentUUID": "45cfe8ed-d636-458f-8a2c-720b9dd5143e",
              "isHook": false,
              "skipped": false
            },
            {
              "title": "should play video on \"CourseCard\" hover if video is available",
              "fullTitle": "HomePage should play video on \"CourseCard\" hover if video is available",
              "timedOut": null,
              "duration": 3995,
              "state": "passed",
              "speed": "fast",
              "pass": true,
              "fail": false,
              "pending": false,
              "context": null,
              "code": "cy.get('.course-card__image').first().trigger('mouseover');\ncy.get('.course-card__video').first().should('have.attr', 'loop');",
              "err": {},
              "uuid": "8a8d681f-7c2a-4a4d-8533-102b463289c1",
              "parentUUID": "45cfe8ed-d636-458f-8a2c-720b9dd5143e",
              "isHook": false,
              "skipped": false
            },
            {
              "title": "should show image on \"CourseCard\" hover if video is not available",
              "fullTitle": "HomePage should show image on \"CourseCard\" hover if video is not available",
              "timedOut": null,
              "duration": 4015,
              "state": "passed",
              "speed": "fast",
              "pass": true,
              "fail": false,
              "pending": false,
              "context": null,
              "code": "cy.get('.course-card__image img').first().trigger('mouseover');\ncy.get('.course-card__image img').first().should('be.visible');",
              "err": {},
              "uuid": "f5265d92-2c1c-4253-8fb3-6459240e95e5",
              "parentUUID": "45cfe8ed-d636-458f-8a2c-720b9dd5143e",
              "isHook": false,
              "skipped": false
            },
            {
              "title": "should display correct search params on pagination click and page reload",
              "fullTitle": "HomePage should display correct search params on pagination click and page reload",
              "timedOut": null,
              "duration": 4156,
              "state": "passed",
              "speed": "fast",
              "pass": true,
              "fail": false,
              "pending": false,
              "context": null,
              "code": "cy.get('.pagination__item').contains('2').click();\ncy.url().should('include', 'page=2');\ncy.reload();\ncy.url().should('include', 'page=2');",
              "err": {},
              "uuid": "e4f44682-0bf0-4408-a82b-279e11bf3de2",
              "parentUUID": "45cfe8ed-d636-458f-8a2c-720b9dd5143e",
              "isHook": false,
              "skipped": false
            },
            {
              "title": "should have \"Logo\" in \"Header\"",
              "fullTitle": "HomePage should have \"Logo\" in \"Header\"",
              "timedOut": null,
              "duration": 884,
              "state": "passed",
              "speed": "fast",
              "pass": true,
              "fail": false,
              "pending": false,
              "context": null,
              "code": "cy.get('.header > a > img').should('be.visible');",
              "err": {},
              "uuid": "013188b6-102b-4a2a-9d58-871cdda8425d",
              "parentUUID": "45cfe8ed-d636-458f-8a2c-720b9dd5143e",
              "isHook": false,
              "skipped": false
            },
            {
              "title": "should have \"Logo\" in \"Footer\"",
              "fullTitle": "HomePage should have \"Logo\" in \"Footer\"",
              "timedOut": null,
              "duration": 420,
              "state": "passed",
              "speed": "fast",
              "pass": true,
              "fail": false,
              "pending": false,
              "context": null,
              "code": "cy.get('.footer__container > [href=\"#/\"] > img').should('be.visible');",
              "err": {},
              "uuid": "bdeec01d-78d9-4624-af03-e01b8772d1f8",
              "parentUUID": "45cfe8ed-d636-458f-8a2c-720b9dd5143e",
              "isHook": false,
              "skipped": false
            },
            {
              "title": "should contain a footer link to GitHub",
              "fullTitle": "HomePage should contain a footer link to GitHub",
              "timedOut": null,
              "duration": 423,
              "state": "passed",
              "speed": "fast",
              "pass": true,
              "fail": false,
              "pending": false,
              "context": null,
              "code": "cy.get('.footer__link').should('have.attr', 'href', 'https://github.com/dmytro-lebedchenko').and('contain', 'Github');",
              "err": {},
              "uuid": "8557250e-b593-4b57-a44e-fca24a7e4ea3",
              "parentUUID": "45cfe8ed-d636-458f-8a2c-720b9dd5143e",
              "isHook": false,
              "skipped": false
            }
          ],
          "suites": [],
          "passes": [
            "b7121aa1-8207-436c-9ae4-f32c90717565",
            "8a8d681f-7c2a-4a4d-8533-102b463289c1",
            "f5265d92-2c1c-4253-8fb3-6459240e95e5",
            "e4f44682-0bf0-4408-a82b-279e11bf3de2",
            "013188b6-102b-4a2a-9d58-871cdda8425d",
            "bdeec01d-78d9-4624-af03-e01b8772d1f8",
            "8557250e-b593-4b57-a44e-fca24a7e4ea3"
          ],
          "failures": [],
          "pending": [],
          "skipped": [],
          "duration": 16381,
          "root": false,
          "rootEmpty": false,
          "_timeout": 2000
        },
        {
          "uuid": "6b20944c-fa41-45aa-8da3-5ff74c44a648",
          "title": "CoursePage",
          "fullFile": "",
          "file": "",
          "beforeHooks": [],
          "afterHooks": [],
          "tests": [
            {
              "title": "should display the course video",
              "fullTitle": "CoursePage should display the course video",
              "timedOut": null,
              "duration": 2469,
              "state": "passed",
              "speed": "fast",
              "pass": true,
              "fail": false,
              "pending": false,
              "context": null,
              "code": "cy.get('.player__video').should('be.visible');",
              "err": {},
              "uuid": "0a1edcaa-c30b-4d35-b692-e75318aa8410",
              "parentUUID": "6b20944c-fa41-45aa-8da3-5ff74c44a648",
              "isHook": false,
              "skipped": false
            },
            {
              "title": "should display the lesson title",
              "fullTitle": "CoursePage should display the lesson title",
              "timedOut": null,
              "duration": 1791,
              "state": "passed",
              "speed": "fast",
              "pass": true,
              "fail": false,
              "pending": false,
              "context": null,
              "code": "cy.get('.player__title').should('contain.text', 'Behaviors that make people dislike you');",
              "err": {},
              "uuid": "f2087ffa-7b49-47bc-80d9-3154e5865111",
              "parentUUID": "6b20944c-fa41-45aa-8da3-5ff74c44a648",
              "isHook": false,
              "skipped": false
            },
            {
              "title": "should have a back button",
              "fullTitle": "CoursePage should have a back button",
              "timedOut": null,
              "duration": 1805,
              "state": "passed",
              "speed": "fast",
              "pass": true,
              "fail": false,
              "pending": false,
              "context": null,
              "code": "cy.get('.back-button').should('exist');",
              "err": {},
              "uuid": "d391efde-cac7-4ea2-a24f-52f85fe52986",
              "parentUUID": "6b20944c-fa41-45aa-8da3-5ff74c44a648",
              "isHook": false,
              "skipped": false
            },
            {
              "title": "should display \"ToTopButton\" and work correctly",
              "fullTitle": "CoursePage should display \"ToTopButton\" and work correctly",
              "timedOut": null,
              "duration": 592,
              "state": "passed",
              "speed": "fast",
              "pass": true,
              "fail": false,
              "pending": false,
              "context": null,
              "code": "cy.get('.button-top__icon').click();\ncy.window().its('scrollY').should('equal', 0);",
              "err": {},
              "uuid": "325f2267-f1f5-4fc8-b34a-2790c0a8136c",
              "parentUUID": "6b20944c-fa41-45aa-8da3-5ff74c44a648",
              "isHook": false,
              "skipped": false
            },
            {
              "title": "should have \"Logo\" in \"Header\"",
              "fullTitle": "CoursePage should have \"Logo\" in \"Header\"",
              "timedOut": null,
              "duration": 327,
              "state": "passed",
              "speed": "fast",
              "pass": true,
              "fail": false,
              "pending": false,
              "context": null,
              "code": "cy.get('.header > a > img').should('be.visible');",
              "err": {},
              "uuid": "8c2a8b48-73bb-486c-a775-d6a5261c5151",
              "parentUUID": "6b20944c-fa41-45aa-8da3-5ff74c44a648",
              "isHook": false,
              "skipped": false
            },
            {
              "title": "should navigate back to homepage when clicking on \"Logo\" in \"Header\"",
              "fullTitle": "CoursePage should navigate back to homepage when clicking on \"Logo\" in \"Header\"",
              "timedOut": null,
              "duration": 416,
              "state": "passed",
              "speed": "fast",
              "pass": true,
              "fail": false,
              "pending": false,
              "context": null,
              "code": "cy.get('.header > a > img').click();\ncy.url().should('equal', 'https://dmytro-lebedchenko.github.io/react_courses-app/#/');",
              "err": {},
              "uuid": "008dcdf2-8341-4042-9b18-ed4f3cea3835",
              "parentUUID": "6b20944c-fa41-45aa-8da3-5ff74c44a648",
              "isHook": false,
              "skipped": false
            },
            {
              "title": "should have \"Logo\" in \"Footer\"",
              "fullTitle": "CoursePage should have \"Logo\" in \"Footer\"",
              "timedOut": null,
              "duration": 335,
              "state": "passed",
              "speed": "fast",
              "pass": true,
              "fail": false,
              "pending": false,
              "context": null,
              "code": "cy.get('.footer__container > [href=\"#/\"] > img').should('be.visible');",
              "err": {},
              "uuid": "027d2a22-fdd4-4255-86aa-d93fbd57570c",
              "parentUUID": "6b20944c-fa41-45aa-8da3-5ff74c44a648",
              "isHook": false,
              "skipped": false
            },
            {
              "title": "should navigate back to homepage when clicking on \"Logo\" in \"Footer\"",
              "fullTitle": "CoursePage should navigate back to homepage when clicking on \"Logo\" in \"Footer\"",
              "timedOut": null,
              "duration": 429,
              "state": "passed",
              "speed": "fast",
              "pass": true,
              "fail": false,
              "pending": false,
              "context": null,
              "code": "cy.get('.footer__container > [href=\"#/\"] > img').click();\ncy.url().should('equal', 'https://dmytro-lebedchenko.github.io/react_courses-app/#/');",
              "err": {},
              "uuid": "96ade94a-18af-4d41-b832-b4b9292d7790",
              "parentUUID": "6b20944c-fa41-45aa-8da3-5ff74c44a648",
              "isHook": false,
              "skipped": false
            },
            {
              "title": "should have a playlist with multiple items",
              "fullTitle": "CoursePage should have a playlist with multiple items",
              "timedOut": null,
              "duration": 1567,
              "state": "passed",
              "speed": "fast",
              "pass": true,
              "fail": false,
              "pending": false,
              "context": null,
              "code": "cy.get('.playlist__item').should('have.length.greaterThan', 1);",
              "err": {},
              "uuid": "ae6b0387-e874-4bbb-a002-53858e48763a",
              "parentUUID": "6b20944c-fa41-45aa-8da3-5ff74c44a648",
              "isHook": false,
              "skipped": false
            },
            {
              "title": "should start playing the correct video when clicking a playlist item",
              "fullTitle": "CoursePage should start playing the correct video when clicking a playlist item",
              "timedOut": null,
              "duration": 3479,
              "state": "passed",
              "speed": "fast",
              "pass": true,
              "fail": false,
              "pending": false,
              "context": null,
              "code": "cy.get('.playlist__item').eq(2).click();\ncy.wait(2000);\ncy.url().should('include', 'lesson=71742b9d-e4f4-4c32-89bb-a257e58ca096');",
              "err": {},
              "uuid": "67a5951a-5185-4ac3-9e1f-c8c7c749a6f3",
              "parentUUID": "6b20944c-fa41-45aa-8da3-5ff74c44a648",
              "isHook": false,
              "skipped": false
            },
            {
              "title": "should display the correct lesson title",
              "fullTitle": "CoursePage should display the correct lesson title",
              "timedOut": null,
              "duration": 1562,
              "state": "passed",
              "speed": "fast",
              "pass": true,
              "fail": false,
              "pending": false,
              "context": null,
              "code": "cy.get('.playlist__item--active > .playlist__item-title').invoke('text').then(playlistTitle => {\n  cy.get('.player__title').invoke('text').should('equal', playlistTitle.trim());\n});",
              "err": {},
              "uuid": "6efbe309-ffba-41a2-9355-8da8e46ce3b3",
              "parentUUID": "6b20944c-fa41-45aa-8da3-5ff74c44a648",
              "isHook": false,
              "skipped": false
            },
            {
              "title": "should contain a footer link to GitHub",
              "fullTitle": "CoursePage should contain a footer link to GitHub",
              "timedOut": null,
              "duration": 734,
              "state": "passed",
              "speed": "fast",
              "pass": true,
              "fail": false,
              "pending": false,
              "context": null,
              "code": "cy.get('.footer__link').should('have.attr', 'href', 'https://github.com/dmytro-lebedchenko').and('contain', 'Github');",
              "err": {},
              "uuid": "a2f75ecd-d821-4375-adbf-73a24792d6cb",
              "parentUUID": "6b20944c-fa41-45aa-8da3-5ff74c44a648",
              "isHook": false,
              "skipped": false
            }
          ],
          "suites": [],
          "passes": [
            "0a1edcaa-c30b-4d35-b692-e75318aa8410",
            "f2087ffa-7b49-47bc-80d9-3154e5865111",
            "d391efde-cac7-4ea2-a24f-52f85fe52986",
            "325f2267-f1f5-4fc8-b34a-2790c0a8136c",
            "8c2a8b48-73bb-486c-a775-d6a5261c5151",
            "008dcdf2-8341-4042-9b18-ed4f3cea3835",
            "027d2a22-fdd4-4255-86aa-d93fbd57570c",
            "96ade94a-18af-4d41-b832-b4b9292d7790",
            "ae6b0387-e874-4bbb-a002-53858e48763a",
            "67a5951a-5185-4ac3-9e1f-c8c7c749a6f3",
            "6efbe309-ffba-41a2-9355-8da8e46ce3b3",
            "a2f75ecd-d821-4375-adbf-73a24792d6cb"
          ],
          "failures": [],
          "pending": [],
          "skipped": [],
          "duration": 15506,
          "root": false,
          "rootEmpty": false,
          "_timeout": 2000
        },
        {
          "uuid": "7a5644af-a2ae-4bf5-8dd4-c50cc4df7031",
          "title": "NotFoundPage",
          "fullFile": "",
          "file": "",
          "beforeHooks": [],
          "afterHooks": [],
          "tests": [
            {
              "title": "should display the \"not found\" message",
              "fullTitle": "NotFoundPage should display the \"not found\" message",
              "timedOut": null,
              "duration": 322,
              "state": "passed",
              "speed": "fast",
              "pass": true,
              "fail": false,
              "pending": false,
              "context": null,
              "code": "cy.get('.not-found-page__title').should('have.text', 'Oh, no! Page is not found...');",
              "err": {},
              "uuid": "df3ddafe-efba-4b02-9d26-87f6ea8743bf",
              "parentUUID": "7a5644af-a2ae-4bf5-8dd4-c50cc4df7031",
              "isHook": false,
              "skipped": false
            },
            {
              "title": "should display the \"not found\" image",
              "fullTitle": "NotFoundPage should display the \"not found\" image",
              "timedOut": null,
              "duration": 385,
              "state": "passed",
              "speed": "fast",
              "pass": true,
              "fail": false,
              "pending": false,
              "context": null,
              "code": "cy.get('.not-found-page__image').should('exist');",
              "err": {},
              "uuid": "bad3de8e-c91e-4069-a568-a8255c58e082",
              "parentUUID": "7a5644af-a2ae-4bf5-8dd4-c50cc4df7031",
              "isHook": false,
              "skipped": false
            },
            {
              "title": "should display \"ToTopButton\" and work correctly",
              "fullTitle": "NotFoundPage should display \"ToTopButton\" and work correctly",
              "timedOut": null,
              "duration": 831,
              "state": "passed",
              "speed": "fast",
              "pass": true,
              "fail": false,
              "pending": false,
              "context": null,
              "code": "cy.get('.button-top__icon').click();\ncy.window().its('scrollY').should('equal', 0);",
              "err": {},
              "uuid": "41602551-0545-4356-8817-18d54f17e0c1",
              "parentUUID": "7a5644af-a2ae-4bf5-8dd4-c50cc4df7031",
              "isHook": false,
              "skipped": false
            },
            {
              "title": "should have \"Logo\" in \"Header\"",
              "fullTitle": "NotFoundPage should have \"Logo\" in \"Header\"",
              "timedOut": null,
              "duration": 425,
              "state": "passed",
              "speed": "fast",
              "pass": true,
              "fail": false,
              "pending": false,
              "context": null,
              "code": "cy.get('.header > a > img').should('be.visible');",
              "err": {},
              "uuid": "49b9fdde-4474-4dbe-93d7-24a86a83f098",
              "parentUUID": "7a5644af-a2ae-4bf5-8dd4-c50cc4df7031",
              "isHook": false,
              "skipped": false
            },
            {
              "title": "should have \"Logo\" in \"Footer\"",
              "fullTitle": "NotFoundPage should have \"Logo\" in \"Footer\"",
              "timedOut": null,
              "duration": 683,
              "state": "passed",
              "speed": "fast",
              "pass": true,
              "fail": false,
              "pending": false,
              "context": null,
              "code": "cy.get('.footer__container > [href=\"#/\"] > img').should('be.visible');",
              "err": {},
              "uuid": "ecbda991-2b8d-4f11-8e14-f9beb031adad",
              "parentUUID": "7a5644af-a2ae-4bf5-8dd4-c50cc4df7031",
              "isHook": false,
              "skipped": false
            }
          ],
          "suites": [],
          "passes": [
            "df3ddafe-efba-4b02-9d26-87f6ea8743bf",
            "bad3de8e-c91e-4069-a568-a8255c58e082",
            "41602551-0545-4356-8817-18d54f17e0c1",
            "49b9fdde-4474-4dbe-93d7-24a86a83f098",
            "ecbda991-2b8d-4f11-8e14-f9beb031adad"
          ],
          "failures": [],
          "pending": [],
          "skipped": [],
          "duration": 2646,
          "root": false,
          "rootEmpty": false,
          "_timeout": 2000
        }
      ],
      "passes": [],
      "failures": [],
      "pending": [],
      "skipped": [],
      "duration": 0,
      "root": true,
      "rootEmpty": true,
      "_timeout": 2000
    }
  ],
  "meta": {
    "mocha": {
      "version": "7.0.1"
    },
    "mochawesome": {
      "options": {
        "quiet": true,
        "reportFilename": "mochawesome.json",
        "saveHtml": false,
        "saveJson": true,
        "consoleReporter": "spec",
        "useInlineDiffs": false,
        "code": true
      },
      "version": "7.1.3"
    },
    "marge": {
      "options": {
        "id": "default",
        "mochaFile": "cypress/results/results-[hash].xml",
        "toConsole": true,
        "reportDir": "cypress/results",
        "reportFilename": "mochawesome.json",
        "quiet": true,
        "overwrite": false,
        "html": false,
        "json": true
      },
      "version": "6.2.0"
    }
  }
}